[0829/214359.460:ERROR:process_memory_win.cc(73)] ReadMemory at 0x7ff6e8ca0000 of 64 bytes failed: Only part of a ReadProcessMemory or WriteProcessMemory request was completed. (0x12B)
[0829/214400.624:WARNING:pe_image_reader.cc(340)] could not read dos header from C:\Program Files (x86)\Google\Chrome\Application\chrome.exe
[0829/214400.625:ERROR:process_memory_win.cc(73)] ReadMemory at 0x7ffe84580000 of 64 bytes failed: Only part of a ReadProcessMemory or WriteProcessMemory request was completed. (0x12B)
[0829/214400.625:WARNING:pe_image_reader.cc(340)] could not read dos header from C:\Windows\SYSTEM32\ntdll.dll
[0829/214400.625:ERROR:process_memory_win.cc(73)] ReadMemory at 0x7ffe830d0000 of 64 bytes failed: Only part of a ReadProcessMemory or WriteProcessMemory request was completed. (0x12B)
[0829/214400.715:WARNING:pe_image_reader.cc(340)] could not read dos header from C:\Windows\System32\KERNEL32.DLL
[0829/214400.716:ERROR:process_memory_win.cc(73)] ReadMemory at 0x7ffe821b0000 of 64 bytes failed: Only part of a ReadProcessMemory or WriteProcessMemory request was completed. (0x12B)
[0829/214400.716:WARNING:pe_image_reader.cc(340)] could not read dos header from C:\Windows\System32\KERNELBASE.dll
[0829/214400.716:ERROR:process_memory_win.cc(73)] ReadMemory at 0x7ffe5c990000 of 64 bytes failed: Only part of a ReadProcessMemory or WriteProcessMemory request was completed. (0x12B)
[0829/214400.716:WARNING:pe_image_reader.cc(340)] could not read dos header from C:\Program Files (x86)\Google\Chrome\Application\84.0.4147.135\chrome_elf.dll
[0829/214400.716:ERROR:process_memory_win.cc(73)] ReadMemory at 0x7ffe71f50000 of 64 bytes failed: Only part of a ReadProcessMemory or WriteProcessMemory request was completed. (0x12B)
[0829/214400.716:WARNING:pe_image_reader.cc(340)] could not read dos header from C:\Windows\SYSTEM32\VERSION.dll
[0829/214400.716:ERROR:process_memory_win.cc(73)] ReadMemory at 0x1994d080000 of 64 bytes failed: Only part of a ReadProcessMemory or WriteProcessMemory request was completed. (0x12B)
[0829/214400.716:WARNING:pe_image_reader.cc(340)] could not read dos header from C:\Windows\System32\msvcrt.dll
[0829/214400.716:ERROR:process_memory_win.cc(73)] ReadMemory at 0x7ffe820d0000 of 64 bytes failed: Only part of a ReadProcessMemory or WriteProcessMemory request was completed. (0x12B)
[0829/214400.716:WARNING:pe_image_reader.cc(340)] could not read dos header from C:\Windows\System32\bcryptPrimitives.dll
[0829/214400.716:ERROR:process_memory_win.cc(73)] ReadMemory at 0x7ffe83010000 of 64 bytes failed: Only part of a ReadProcessMemory or WriteProcessMemory request was completed. (0x12B)
[0829/214400.716:WARNING:pe_image_reader.cc(340)] could not read dos header from C:\Windows\System32\ADVAPI32.dll
[0829/214400.716:ERROR:process_memory_win.cc(73)] ReadMemory at 0x7ffe833a0000 of 64 bytes failed: Only part of a ReadProcessMemory or WriteProcessMemory request was completed. (0x12B)
[0829/214400.716:WARNING:pe_image_reader.cc(340)] could not read dos header from C:\Windows\System32\sechost.dll
[0829/214400.716:ERROR:process_memory_win.cc(73)] ReadMemory at 0x7ffe83a30000 of 64 bytes failed: Only part of a ReadProcessMemory or WriteProcessMemory request was completed. (0x12B)
[0829/214400.716:WARNING:pe_image_reader.cc(340)] could not read dos header from C:\Windows\System32\RPCRT4.dll
[0829/214400.716:ERROR:process_memory_win.cc(73)] ReadMemory at 0x7ffe3d540000 of 64 bytes failed: Only part of a ReadProcessMemory or WriteProcessMemory request was completed. (0x12B)
[0829/214400.716:WARNING:pe_image_reader.cc(340)] could not read dos header from C:\Program Files (x86)\Google\Chrome\Application\84.0.4147.135\chrome.dll
[0829/214400.716:ERROR:process_memory_win.cc(73)] ReadMemory at 0x7ffe82ab0000 of 64 bytes failed: Only part of a ReadProcessMemory or WriteProcessMemory request was completed. (0x12B)
[0829/214400.716:WARNING:pe_image_reader.cc(340)] could not read dos header from C:\Windows\System32\WS2_32.dll
[0829/214400.716:ERROR:process_memory_win.cc(73)] ReadMemory at 0x7ffe83cf0000 of 64 bytes failed: Only part of a ReadProcessMemory or WriteProcessMemory request was completed. (0x12B)
[0829/214400.716:WARNING:pe_image_reader.cc(340)] could not read dos header from C:\Windows\System32\OLEAUT32.dll
[0829/214400.716:ERROR:process_memory_win.cc(73)] ReadMemory at 0x7ffe81d40000 of 64 bytes failed: Only part of a ReadProcessMemory or WriteProcessMemory request was completed. (0x12B)
[0829/214400.716:WARNING:pe_image_reader.cc(340)] could not read dos header from C:\Windows\System32\msvcp_win.dll
[0829/214400.716:ERROR:process_memory_win.cc(73)] ReadMemory at 0x7ffe824e0000 of 64 bytes failed: Only part of a ReadProcessMemory or WriteProcessMemory request was completed. (0x12B)
[0829/214400.716:WARNING:pe_image_reader.cc(340)] could not read dos header from C:\Windows\System32\ucrtbase.dll
[0829/214400.716:ERROR:process_memory_win.cc(73)] ReadMemory at 0x7ffe82630000 of 64 bytes failed: Only part of a ReadProcessMemory or WriteProcessMemory request was completed. (0x12B)
[0829/214400.716:WARNING:pe_image_reader.cc(340)] could not read dos header from C:\Windows\System32\combase.dll
[0829/214400.716:ERROR:process_memory_win.cc(73)] ReadMemory at 0x7ffe82460000 of 64 bytes failed: Only part of a ReadProcessMemory or WriteProcessMemory request was completed. (0x12B)
[0829/214400.716:WARNING:pe_image_reader.cc(340)] could not read dos header from C:\Windows\System32\WINTRUST.dll
[0829/214400.717:ERROR:process_memory_win.cc(73)] ReadMemory at 0x7ffe814b0000 of 64 bytes failed: Only part of a ReadProcessMemory or WriteProcessMemory request was completed. (0x12B)
[0829/214400.717:WARNING:pe_image_reader.cc(340)] could not read dos header from C:\Windows\System32\MSASN1.dll
[0829/214400.717:ERROR:process_memory_win.cc(73)] ReadMemory at 0x7ffe81de0000 of 64 bytes failed: Only part of a ReadProcessMemory or WriteProcessMemory request was completed. (0x12B)
[0829/214400.717:WARNING:pe_image_reader.cc(340)] could not read dos header from C:\Windows\System32\CRYPT32.dll
[0829/214400.717:ERROR:process_memory_win.cc(73)] ReadMemory at 0x7ffe80940000 of 64 bytes failed: Only part of a ReadProcessMemory or WriteProcessMemory request was completed. (0x12B)
[0829/214400.717:WARNING:pe_image_reader.cc(340)] could not read dos header from C:\Windows\SYSTEM32\IPHLPAPI.DLL
[0829/214400.717:ERROR:process_memory_win.cc(73)] ReadMemory at 0x7ffe7f540000 of 64 bytes failed: Only part of a ReadProcessMemory or WriteProcessMemory request was completed. (0x12B)
[0829/214400.717:WARNING:pe_image_reader.cc(340)] could not read dos header from C:\Windows\SYSTEM32\WINMM.dll
[0829/214400.717:ERROR:process_memory_win.cc(73)] ReadMemory at 0x7ffe70760000 of 64 bytes failed: Only part of a ReadProcessMemory or WriteProcessMemory request was completed. (0x12B)
[0829/214400.717:WARNING:pe_image_reader.cc(340)] could not read dos header from C:\Windows\SYSTEM32\Secur32.dll
[0829/214400.717:ERROR:process_memory_win.cc(73)] ReadMemory at 0x7ffe81350000 of 64 bytes failed: Only part of a ReadProcessMemory or WriteProcessMemory request was completed. (0x12B)
[0829/214400.717:WARNING:pe_image_reader.cc(340)] could not read dos header from C:\Windows\SYSTEM32\USERENV.dll
[0829/214400.717:ERROR:process_memory_win.cc(73)] ReadMemory at 0x7ffe814d0000 of 64 bytes failed: Only part of a ReadProcessMemory or WriteProcessMemory request was completed. (0x12B)
[0829/214400.717:WARNING:pe_image_reader.cc(340)] could not read dos header from C:\Windows\System32\profapi.dll
[0829/214400.717:ERROR:process_memory_win.cc(73)] ReadMemory at 0x7ffe667b0000 of 64 bytes failed: Only part of a ReadProcessMemory or WriteProcessMemory request was completed. (0x12B)
[0829/214400.717:WARNING:pe_image_reader.cc(340)] could not read dos header from C:\Windows\SYSTEM32\UIAutomationCore.DLL
[0829/214400.717:ERROR:process_memory_win.cc(73)] ReadMemory at 0x7ffe76880000 of 64 bytes failed: Only part of a ReadProcessMemory or WriteProcessMemory request was completed. (0x12B)
[0829/214400.717:WARNING:pe_image_reader.cc(340)] could not read dos header from C:\Windows\SYSTEM32\DWrite.dll
[0829/214400.717:ERROR:process_memory_win.cc(73)] ReadMemory at 0x7ffe5cad0000 of 64 bytes failed: Only part of a ReadProcessMemory or WriteProcessMemory request was completed. (0x12B)
[0829/214400.717:WARNING:pe_image_reader.cc(340)] could not read dos header from C:\Windows\SYSTEM32\WINSPOOL.DRV
[0829/214400.717:ERROR:process_memory_win.cc(73)] ReadMemory at 0x7ffe81490000 of 64 bytes failed: Only part of a ReadProcessMemory or WriteProcessMemory request was completed. (0x12B)
[0829/214400.717:WARNING:pe_image_reader.cc(340)] could not read dos header from C:\Windows\System32\kernel.appcore.dll
[0829/214400.717:ERROR:process_memory_win.cc(73)] ReadMemory at 0x7ffe82180000 of 64 bytes failed: Only part of a ReadProcessMemory or WriteProcessMemory request was completed. (0x12B)
[0829/214400.717:WARNING:pe_image_reader.cc(340)] could not read dos header from C:\Windows\System32\bcrypt.dll
[0829/214400.717:ERROR:process_memory_win.cc(73)] ReadMemory at 0x7ffe70410000 of 64 bytes failed: Only part of a ReadProcessMemory or WriteProcessMemory request was completed. (0x12B)
[0829/214400.717:WARNING:pe_image_reader.cc(340)] could not read dos header from C:\Windows\SYSTEM32\dbghelp.dll
[0829/214400.717:ERROR:process_memory_win.cc(73)] ReadMemory at 0x7ffe7c160000 of 64 bytes failed: Only part of a ReadProcessMemory or WriteProcessMemory request was completed. (0x12B)
[0829/214400.717:WARNING:pe_image_reader.cc(340)] could not read dos header from C:\Windows\SYSTEM32\WINHTTP.dll
[0829/214400.717:ERROR:process_memory_win.cc(73)] ReadMemory at 0x7ffe79370000 of 64 bytes failed: Only part of a ReadProcessMemory or WriteProcessMemory request was completed. (0x12B)
[0829/214400.717:WARNING:pe_image_reader.cc(340)] could not read dos header from C:\Windows\SYSTEM32\dhcpcsvc.DLL
[0829/214400.717:ERROR:process_memory_win.cc(73)] ReadMemory at 0x7ffe83dc0000 of 64 bytes failed: Only part of a ReadProcessMemory or WriteProcessMemory request was completed. (0x12B)
[0829/214400.717:WARNING:pe_image_reader.cc(340)] could not read dos header from C:\Windows\System32\NSI.dll
[0829/214400.717:ERROR:process_memory_win.cc(73)] ReadMemory at 0x7ffe7f510000 of 64 bytes failed: Only part of a ReadProcessMemory or WriteProcessMemory request was completed. (0x12B)
[0829/214400.717:WARNING:pe_image_reader.cc(340)] could not read dos header from C:\Windows\SYSTEM32\WINMMBASE.dll
[0829/214400.717:ERROR:process_memory_win.cc(73)] ReadMemory at 0x7ffe825e0000 of 64 bytes failed: Only part of a ReadProcessMemory or WriteProcessMemory request was completed. (0x12B)
[0829/214400.717:WARNING:pe_image_reader.cc(340)] could not read dos header from C:\Windows\System32\cfgmgr32.dll
[0829/214400.718:ERROR:process_memory_win.cc(73)] ReadMemory at 0x7ffe7f080000 of 64 bytes failed: Only part of a ReadProcessMemory or WriteProcessMemory request was completed. (0x12B)
[0829/214400.718:WARNING:pe_image_reader.cc(340)] could not read dos header from C:\Windows\SYSTEM32\PROPSYS.dll
[0829/214400.718:ERROR:process_memory_win.cc(73)] ReadMemory at 0x7ffe838b0000 of 64 bytes failed: Only part of a ReadProcessMemory or WriteProcessMemory request was completed. (0x12B)
[0829/214400.718:WARNING:pe_image_reader.cc(340)] could not read dos header from C:\Windows\System32\shcore.dll
[0829/214400.718:ERROR:process_memory_win.cc(73)] ReadMemory at 0x7ffe81320000 of 64 bytes failed: Only part of a ReadProcessMemory or WriteProcessMemory request was completed. (0x12B)
[0829/214400.718:WARNING:pe_image_reader.cc(340)] could not read dos header from C:\Windows\SYSTEM32\SSPICLI.DLL
[0829/214400.718:ERROR:process_memory_win.cc(73)] ReadMemory at 0x7ffe80e00000 of 64 bytes failed: Only part of a ReadProcessMemory or WriteProcessMemory request was completed. (0x12B)
[0829/214400.718:WARNING:pe_image_reader.cc(340)] could not read dos header from C:\Windows\SYSTEM32\CRYPTBASE.DLL
[0829/214401.516:ERROR:process_memory_win.cc(73)] ReadMemory at 0x7ff6e8ca0000 of 64 bytes failed: Only part of a ReadProcessMemory or WriteProcessMemory request was completed. (0x12B)
[0829/214401.516:WARNING:pe_image_reader.cc(340)] could not read dos header from C:\Program Files (x86)\Google\Chrome\Application\chrome.exe
[0829/214401.516:ERROR:process_memory_win.cc(73)] ReadMemory at 0x7ffe84580000 of 64 bytes failed: Only part of a ReadProcessMemory or WriteProcessMemory request was completed. (0x12B)
[0829/214401.516:WARNING:pe_image_reader.cc(340)] could not read dos header from C:\Windows\SYSTEM32\ntdll.dll
[0829/214401.516:ERROR:process_memory_win.cc(73)] ReadMemory at 0x7ffe830d0000 of 64 bytes failed: Only part of a ReadProcessMemory or WriteProcessMemory request was completed. (0x12B)
[0829/214401.516:WARNING:pe_image_reader.cc(340)] could not read dos header from C:\Windows\System32\KERNEL32.DLL
[0829/214401.516:ERROR:process_memory_win.cc(73)] ReadMemory at 0x7ffe821b0000 of 64 bytes failed: Only part of a ReadProcessMemory or WriteProcessMemory request was completed. (0x12B)
[0829/214401.516:WARNING:pe_image_reader.cc(340)] could not read dos header from C:\Windows\System32\KERNELBASE.dll
[0829/214401.516:ERROR:process_memory_win.cc(73)] ReadMemory at 0x7ffe5c990000 of 64 bytes failed: Only part of a ReadProcessMemory or WriteProcessMemory request was completed. (0x12B)
[0829/214401.516:WARNING:pe_image_reader.cc(340)] could not read dos header from C:\Program Files (x86)\Google\Chrome\Application\84.0.4147.135\chrome_elf.dll
[0829/214401.517:ERROR:process_memory_win.cc(73)] ReadMemory at 0x7ffe71f50000 of 64 bytes failed: Only part of a ReadProcessMemory or WriteProcessMemory request was completed. (0x12B)
[0829/214401.517:WARNING:pe_image_reader.cc(340)] could not read dos header from C:\Windows\SYSTEM32\VERSION.dll
[0829/214401.517:ERROR:process_memory_win.cc(73)] ReadMemory at 0x1994d080000 of 64 bytes failed: Only part of a ReadProcessMemory or WriteProcessMemory request was completed. (0x12B)
[0829/214401.517:WARNING:pe_image_reader.cc(340)] could not read dos header from C:\Windows\System32\msvcrt.dll
[0829/214401.517:ERROR:process_memory_win.cc(73)] ReadMemory at 0x7ffe820d0000 of 64 bytes failed: Only part of a ReadProcessMemory or WriteProcessMemory request was completed. (0x12B)
[0829/214401.517:WARNING:pe_image_reader.cc(340)] could not read dos header from C:\Windows\System32\bcryptPrimitives.dll
[0829/214401.517:ERROR:process_memory_win.cc(73)] ReadMemory at 0x7ffe83010000 of 64 bytes failed: Only part of a ReadProcessMemory or WriteProcessMemory request was completed. (0x12B)
[0829/214401.517:WARNING:pe_image_reader.cc(340)] could not read dos header from C:\Windows\System32\ADVAPI32.dll
[0829/214401.517:ERROR:process_memory_win.cc(73)] ReadMemory at 0x7ffe833a0000 of 64 bytes failed: Only part of a ReadProcessMemory or WriteProcessMemory request was completed. (0x12B)
[0829/214401.517:WARNING:pe_image_reader.cc(340)] could not read dos header from C:\Windows\System32\sechost.dll
[0829/214401.517:ERROR:process_memory_win.cc(73)] ReadMemory at 0x7ffe83a30000 of 64 bytes failed: Only part of a ReadProcessMemory or WriteProcessMemory request was completed. (0x12B)
[0829/214401.517:WARNING:pe_image_reader.cc(340)] could not read dos header from C:\Windows\System32\RPCRT4.dll
[0829/214401.517:ERROR:process_memory_win.cc(73)] ReadMemory at 0x7ffe3d540000 of 64 bytes failed: Only part of a ReadProcessMemory or WriteProcessMemory request was completed. (0x12B)
[0829/214401.517:WARNING:pe_image_reader.cc(340)] could not read dos header from C:\Program Files (x86)\Google\Chrome\Application\84.0.4147.135\chrome.dll
[0829/214401.517:ERROR:process_memory_win.cc(73)] ReadMemory at 0x7ffe82ab0000 of 64 bytes failed: Only part of a ReadProcessMemory or WriteProcessMemory request was completed. (0x12B)
[0829/214401.517:WARNING:pe_image_reader.cc(340)] could not read dos header from C:\Windows\System32\WS2_32.dll
[0829/214401.517:ERROR:process_memory_win.cc(73)] ReadMemory at 0x7ffe83cf0000 of 64 bytes failed: Only part of a ReadProcessMemory or WriteProcessMemory request was completed. (0x12B)
[0829/214401.517:WARNING:pe_image_reader.cc(340)] could not read dos header from C:\Windows\System32\OLEAUT32.dll
[0829/214401.517:ERROR:process_memory_win.cc(73)] ReadMemory at 0x7ffe81d40000 of 64 bytes failed: Only part of a ReadProcessMemory or WriteProcessMemory request was completed. (0x12B)
[0829/214401.518:WARNING:pe_image_reader.cc(340)] could not read dos header from C:\Windows\System32\msvcp_win.dll
[0829/214401.518:ERROR:process_memory_win.cc(73)] ReadMemory at 0x7ffe824e0000 of 64 bytes failed: Only part of a ReadProcessMemory or WriteProcessMemory request was completed. (0x12B)
[0829/214401.518:WARNING:pe_image_reader.cc(340)] could not read dos header from C:\Windows\System32\ucrtbase.dll
[0829/214401.518:ERROR:process_memory_win.cc(73)] ReadMemory at 0x7ffe82630000 of 64 bytes failed: Only part of a ReadProcessMemory or WriteProcessMemory request was completed. (0x12B)
[0829/214401.518:WARNING:pe_image_reader.cc(340)] could not read dos header from C:\Windows\System32\combase.dll
[0829/214401.518:ERROR:process_memory_win.cc(73)] ReadMemory at 0x7ffe82460000 of 64 bytes failed: Only part of a ReadProcessMemory or WriteProcessMemory request was completed. (0x12B)
[0829/214401.518:WARNING:pe_image_reader.cc(340)] could not read dos header from C:\Windows\System32\WINTRUST.dll
[0829/214401.518:ERROR:process_memory_win.cc(73)] ReadMemory at 0x7ffe814b0000 of 64 bytes failed: Only part of a ReadProcessMemory or WriteProcessMemory request was completed. (0x12B)
[0829/214401.518:WARNING:pe_image_reader.cc(340)] could not read dos header from C:\Windows\System32\MSASN1.dll
[0829/214401.518:ERROR:process_memory_win.cc(73)] ReadMemory at 0x7ffe81de0000 of 64 bytes failed: Only part of a ReadProcessMemory or WriteProcessMemory request was completed. (0x12B)
[0829/214401.518:WARNING:pe_image_reader.cc(340)] could not read dos header from C:\Windows\System32\CRYPT32.dll
[0829/214401.518:ERROR:process_memory_win.cc(73)] ReadMemory at 0x7ffe80940000 of 64 bytes failed: Only part of a ReadProcessMemory or WriteProcessMemory request was completed. (0x12B)
[0829/214401.518:WARNING:pe_image_reader.cc(340)] could not read dos header from C:\Windows\SYSTEM32\IPHLPAPI.DLL
[0829/214401.518:ERROR:process_memory_win.cc(73)] ReadMemory at 0x7ffe7f540000 of 64 bytes failed: Only part of a ReadProcessMemory or WriteProcessMemory request was completed. (0x12B)
[0829/214401.518:WARNING:pe_image_reader.cc(340)] could not read dos header from C:\Windows\SYSTEM32\WINMM.dll
[0829/214401.518:ERROR:process_memory_win.cc(73)] ReadMemory at 0x7ffe70760000 of 64 bytes failed: Only part of a ReadProcessMemory or WriteProcessMemory request was completed. (0x12B)
[0829/214401.518:WARNING:pe_image_reader.cc(340)] could not read dos header from C:\Windows\SYSTEM32\Secur32.dll
[0829/214401.518:ERROR:process_memory_win.cc(73)] ReadMemory at 0x7ffe81350000 of 64 bytes failed: Only part of a ReadProcessMemory or WriteProcessMemory request was completed. (0x12B)
[0829/214401.518:WARNING:pe_image_reader.cc(340)] could not read dos header from C:\Windows\SYSTEM32\USERENV.dll
[0829/214401.519:ERROR:process_memory_win.cc(73)] ReadMemory at 0x7ffe814d0000 of 64 bytes failed: Only part of a ReadProcessMemory or WriteProcessMemory request was completed. (0x12B)
[0829/214401.519:WARNING:pe_image_reader.cc(340)] could not read dos header from C:\Windows\System32\profapi.dll
[0829/214401.519:ERROR:process_memory_win.cc(73)] ReadMemory at 0x7ffe667b0000 of 64 bytes failed: Only part of a ReadProcessMemory or WriteProcessMemory request was completed. (0x12B)
[0829/214401.519:WARNING:pe_image_reader.cc(340)] could not read dos header from C:\Windows\SYSTEM32\UIAutomationCore.DLL
[0829/214401.519:ERROR:process_memory_win.cc(73)] ReadMemory at 0x7ffe76880000 of 64 bytes failed: Only part of a ReadProcessMemory or WriteProcessMemory request was completed. (0x12B)
[0829/214401.519:WARNING:pe_image_reader.cc(340)] could not read dos header from C:\Windows\SYSTEM32\DWrite.dll
[0829/214401.519:ERROR:process_memory_win.cc(73)] ReadMemory at 0x7ffe5cad0000 of 64 bytes failed: Only part of a ReadProcessMemory or WriteProcessMemory request was completed. (0x12B)
[0829/214401.519:WARNING:pe_image_reader.cc(340)] could not read dos header from C:\Windows\SYSTEM32\WINSPOOL.DRV
[0829/214401.519:ERROR:process_memory_win.cc(73)] ReadMemory at 0x7ffe81490000 of 64 bytes failed: Only part of a ReadProcessMemory or WriteProcessMemory request was completed. (0x12B)
[0829/214401.519:WARNING:pe_image_reader.cc(340)] could not read dos header from C:\Windows\System32\kernel.appcore.dll
[0829/214401.519:ERROR:process_memory_win.cc(73)] ReadMemory at 0x7ffe82180000 of 64 bytes failed: Only part of a ReadProcessMemory or WriteProcessMemory request was completed. (0x12B)
[0829/214401.519:WARNING:pe_image_reader.cc(340)] could not read dos header from C:\Windows\System32\bcrypt.dll
[0829/214401.519:ERROR:process_memory_win.cc(73)] ReadMemory at 0x7ffe70410000 of 64 bytes failed: Only part of a ReadProcessMemory or WriteProcessMemory request was completed. (0x12B)
[0829/214401.519:WARNING:pe_image_reader.cc(340)] could not read dos header from C:\Windows\SYSTEM32\dbghelp.dll
[0829/214401.519:ERROR:process_memory_win.cc(73)] ReadMemory at 0x7ffe7c160000 of 64 bytes failed: Only part of a ReadProcessMemory or WriteProcessMemory request was completed. (0x12B)
[0829/214401.519:WARNING:pe_image_reader.cc(340)] could not read dos header from C:\Windows\SYSTEM32\WINHTTP.dll
[0829/214401.519:ERROR:process_memory_win.cc(73)] ReadMemory at 0x7ffe79370000 of 64 bytes failed: Only part of a ReadProcessMemory or WriteProcessMemory request was completed. (0x12B)
[0829/214401.519:WARNING:pe_image_reader.cc(340)] could not read dos header from C:\Windows\SYSTEM32\dhcpcsvc.DLL
[0829/214401.519:ERROR:process_memory_win.cc(73)] ReadMemory at 0x7ffe83dc0000 of 64 bytes failed: Only part of a ReadProcessMemory or WriteProcessMemory request was completed. (0x12B)
[0829/214401.519:WARNING:pe_image_reader.cc(340)] could not read dos header from C:\Windows\System32\NSI.dll
[0829/214401.520:ERROR:process_memory_win.cc(73)] ReadMemory at 0x7ffe7f510000 of 64 bytes failed: Only part of a ReadProcessMemory or WriteProcessMemory request was completed. (0x12B)
[0829/214401.520:WARNING:pe_image_reader.cc(340)] could not read dos header from C:\Windows\SYSTEM32\WINMMBASE.dll
[0829/214401.520:ERROR:process_memory_win.cc(73)] ReadMemory at 0x7ffe825e0000 of 64 bytes failed: Only part of a ReadProcessMemory or WriteProcessMemory request was completed. (0x12B)
[0829/214401.520:WARNING:pe_image_reader.cc(340)] could not read dos header from C:\Windows\System32\cfgmgr32.dll
[0829/214401.520:ERROR:process_memory_win.cc(73)] ReadMemory at 0x7ffe7f080000 of 64 bytes failed: Only part of a ReadProcessMemory or WriteProcessMemory request was completed. (0x12B)
[0829/214401.520:WARNING:pe_image_reader.cc(340)] could not read dos header from C:\Windows\SYSTEM32\PROPSYS.dll
[0829/214401.520:ERROR:process_memory_win.cc(73)] ReadMemory at 0x7ffe838b0000 of 64 bytes failed: Only part of a ReadProcessMemory or WriteProcessMemory request was completed. (0x12B)
[0829/214401.520:WARNING:pe_image_reader.cc(340)] could not read dos header from C:\Windows\System32\shcore.dll
[0829/214401.520:ERROR:process_memory_win.cc(73)] ReadMemory at 0x7ffe81320000 of 64 bytes failed: Only part of a ReadProcessMemory or WriteProcessMemory request was completed. (0x12B)
[0829/214401.520:WARNING:pe_image_reader.cc(340)] could not read dos header from C:\Windows\SYSTEM32\SSPICLI.DLL
[0829/214401.520:ERROR:process_memory_win.cc(73)] ReadMemory at 0x7ffe80e00000 of 64 bytes failed: Only part of a ReadProcessMemory or WriteProcessMemory request was completed. (0x12B)
[0829/214401.520:WARNING:pe_image_reader.cc(340)] could not read dos header from C:\Windows\SYSTEM32\CRYPTBASE.DLL
[0829/214401.520:ERROR:process_memory_win.cc(73)] ReadMemory at 0x7ff6e8ca0000 of 64 bytes failed: Only part of a ReadProcessMemory or WriteProcessMemory request was completed. (0x12B)
[0829/214401.520:WARNING:pe_image_reader.cc(340)] could not read dos header from C:\Program Files (x86)\Google\Chrome\Application\chrome.exe
[0829/214401.520:ERROR:process_memory_win.cc(73)] ReadMemory at 0x7ffe84580000 of 64 bytes failed: Only part of a ReadProcessMemory or WriteProcessMemory request was completed. (0x12B)
[0829/214401.520:WARNING:pe_image_reader.cc(340)] could not read dos header from C:\Windows\SYSTEM32\ntdll.dll
[0829/214401.520:ERROR:process_memory_win.cc(73)] ReadMemory at 0x7ffe830d0000 of 64 bytes failed: Only part of a ReadProcessMemory or WriteProcessMemory request was completed. (0x12B)
[0829/214401.520:WARNING:pe_image_reader.cc(340)] could not read dos header from C:\Windows\System32\KERNEL32.DLL
[0829/214401.520:ERROR:process_memory_win.cc(73)] ReadMemory at 0x7ffe821b0000 of 64 bytes failed: Only part of a ReadProcessMemory or WriteProcessMemory request was completed. (0x12B)
[0829/214401.520:WARNING:pe_image_reader.cc(340)] could not read dos header from C:\Windows\System32\KERNELBASE.dll
[0829/214401.521:ERROR:process_memory_win.cc(73)] ReadMemory at 0x7ffe5c990000 of 64 bytes failed: Only part of a ReadProcessMemory or WriteProcessMemory request was completed. (0x12B)
[0829/214401.521:WARNING:pe_image_reader.cc(340)] could not read dos header from C:\Program Files (x86)\Google\Chrome\Application\84.0.4147.135\chrome_elf.dll
[0829/214401.521:ERROR:process_memory_win.cc(73)] ReadMemory at 0x7ffe71f50000 of 64 bytes failed: Only part of a ReadProcessMemory or WriteProcessMemory request was completed. (0x12B)
[0829/214401.521:WARNING:pe_image_reader.cc(340)] could not read dos header from C:\Windows\SYSTEM32\VERSION.dll
[0829/214401.521:ERROR:process_memory_win.cc(73)] ReadMemory at 0x1994d080000 of 64 bytes failed: Only part of a ReadProcessMemory or WriteProcessMemory request was completed. (0x12B)
[0829/214401.521:WARNING:pe_image_reader.cc(340)] could not read dos header from C:\Windows\System32\msvcrt.dll
[0829/214401.521:ERROR:process_memory_win.cc(73)] ReadMemory at 0x7ffe820d0000 of 64 bytes failed: Only part of a ReadProcessMemory or WriteProcessMemory request was completed. (0x12B)
[0829/214401.521:WARNING:pe_image_reader.cc(340)] could not read dos header from C:\Windows\System32\bcryptPrimitives.dll
[0829/214401.521:ERROR:process_memory_win.cc(73)] ReadMemory at 0x7ffe83010000 of 64 bytes failed: Only part of a ReadProcessMemory or WriteProcessMemory request was completed. (0x12B)
[0829/214401.521:WARNING:pe_image_reader.cc(340)] could not read dos header from C:\Windows\System32\ADVAPI32.dll
[0829/214401.521:ERROR:process_memory_win.cc(73)] ReadMemory at 0x7ffe833a0000 of 64 bytes failed: Only part of a ReadProcessMemory or WriteProcessMemory request was completed. (0x12B)
[0829/214401.521:WARNING:pe_image_reader.cc(340)] could not read dos header from C:\Windows\System32\sechost.dll
[0829/214401.521:ERROR:process_memory_win.cc(73)] ReadMemory at 0x7ffe83a30000 of 64 bytes failed: Only part of a ReadProcessMemory or WriteProcessMemory request was completed. (0x12B)
[0829/214401.521:WARNING:pe_image_reader.cc(340)] could not read dos header from C:\Windows\System32\RPCRT4.dll
[0829/214401.521:ERROR:process_memory_win.cc(73)] ReadMemory at 0x7ffe3d540000 of 64 bytes failed: Only part of a ReadProcessMemory or WriteProcessMemory request was completed. (0x12B)
[0829/214401.521:WARNING:pe_image_reader.cc(340)] could not read dos header from C:\Program Files (x86)\Google\Chrome\Application\84.0.4147.135\chrome.dll
[0829/214401.521:ERROR:process_memory_win.cc(73)] ReadMemory at 0x7ffe82ab0000 of 64 bytes failed: Only part of a ReadProcessMemory or WriteProcessMemory request was completed. (0x12B)
[0829/214401.521:WARNING:pe_image_reader.cc(340)] could not read dos header from C:\Windows\System32\WS2_32.dll
[0829/214401.521:ERROR:process_memory_win.cc(73)] ReadMemory at 0x7ffe83cf0000 of 64 bytes failed: Only part of a ReadProcessMemory or WriteProcessMemory request was completed. (0x12B)
[0829/214401.522:WARNING:pe_image_reader.cc(340)] could not read dos header from C:\Windows\System32\OLEAUT32.dll
[0829/214401.522:ERROR:process_memory_win.cc(73)] ReadMemory at 0x7ffe81d40000 of 64 bytes failed: Only part of a ReadProcessMemory or WriteProcessMemory request was completed. (0x12B)
[0829/214401.522:WARNING:pe_image_reader.cc(340)] could not read dos header from C:\Windows\System32\msvcp_win.dll
[0829/214401.522:ERROR:process_memory_win.cc(73)] ReadMemory at 0x7ffe824e0000 of 64 bytes failed: Only part of a ReadProcessMemory or WriteProcessMemory request was completed. (0x12B)
[0829/214401.522:WARNING:pe_image_reader.cc(340)] could not read dos header from C:\Windows\System32\ucrtbase.dll
[0829/214401.522:ERROR:process_memory_win.cc(73)] ReadMemory at 0x7ffe82630000 of 64 bytes failed: Only part of a ReadProcessMemory or WriteProcessMemory request was completed. (0x12B)
[0829/214401.522:WARNING:pe_image_reader.cc(340)] could not read dos header from C:\Windows\System32\combase.dll
[0829/214401.522:ERROR:process_memory_win.cc(73)] ReadMemory at 0x7ffe82460000 of 64 bytes failed: Only part of a ReadProcessMemory or WriteProcessMemory request was completed. (0x12B)
[0829/214401.522:WARNING:pe_image_reader.cc(340)] could not read dos header from C:\Windows\System32\WINTRUST.dll
[0829/214401.522:ERROR:process_memory_win.cc(73)] ReadMemory at 0x7ffe814b0000 of 64 bytes failed: Only part of a ReadProcessMemory or WriteProcessMemory request was completed. (0x12B)
[0829/214401.522:WARNING:pe_image_reader.cc(340)] could not read dos header from C:\Windows\System32\MSASN1.dll
[0829/214401.522:ERROR:process_memory_win.cc(73)] ReadMemory at 0x7ffe81de0000 of 64 bytes failed: Only part of a ReadProcessMemory or WriteProcessMemory request was completed. (0x12B)
[0829/214401.522:WARNING:pe_image_reader.cc(340)] could not read dos header from C:\Windows\System32\CRYPT32.dll
[0829/214401.522:ERROR:process_memory_win.cc(73)] ReadMemory at 0x7ffe80940000 of 64 bytes failed: Only part of a ReadProcessMemory or WriteProcessMemory request was completed. (0x12B)
[0829/214401.522:WARNING:pe_image_reader.cc(340)] could not read dos header from C:\Windows\SYSTEM32\IPHLPAPI.DLL
[0829/214401.522:ERROR:process_memory_win.cc(73)] ReadMemory at 0x7ffe7f540000 of 64 bytes failed: Only part of a ReadProcessMemory or WriteProcessMemory request was completed. (0x12B)
[0829/214401.522:WARNING:pe_image_reader.cc(340)] could not read dos header from C:\Windows\SYSTEM32\WINMM.dll
[0829/214401.522:ERROR:process_memory_win.cc(73)] ReadMemory at 0x7ffe70760000 of 64 bytes failed: Only part of a ReadProcessMemory or WriteProcessMemory request was completed. (0x12B)
[0829/214401.522:WARNING:pe_image_reader.cc(340)] could not read dos header from C:\Windows\SYSTEM32\Secur32.dll
[0829/214401.523:ERROR:process_memory_win.cc(73)] ReadMemory at 0x7ffe81350000 of 64 bytes failed: Only part of a ReadProcessMemory or WriteProcessMemory request was completed. (0x12B)
[0829/214401.523:WARNING:pe_image_reader.cc(340)] could not read dos header from C:\Windows\SYSTEM32\USERENV.dll
[0829/214401.523:ERROR:process_memory_win.cc(73)] ReadMemory at 0x7ffe814d0000 of 64 bytes failed: Only part of a ReadProcessMemory or WriteProcessMemory request was completed. (0x12B)
[0829/214401.523:WARNING:pe_image_reader.cc(340)] could not read dos header from C:\Windows\System32\profapi.dll
[0829/214401.523:ERROR:process_memory_win.cc(73)] ReadMemory at 0x7ffe667b0000 of 64 bytes failed: Only part of a ReadProcessMemory or WriteProcessMemory request was completed. (0x12B)
[0829/214401.523:WARNING:pe_image_reader.cc(340)] could not read dos header from C:\Windows\SYSTEM32\UIAutomationCore.DLL
[0829/214401.523:ERROR:process_memory_win.cc(73)] ReadMemory at 0x7ffe76880000 of 64 bytes failed: Only part of a ReadProcessMemory or WriteProcessMemory request was completed. (0x12B)
[0829/214401.523:WARNING:pe_image_reader.cc(340)] could not read dos header from C:\Windows\SYSTEM32\DWrite.dll
[0829/214401.523:ERROR:process_memory_win.cc(73)] ReadMemory at 0x7ffe5cad0000 of 64 bytes failed: Only part of a ReadProcessMemory or WriteProcessMemory request was completed. (0x12B)
[0829/214401.523:WARNING:pe_image_reader.cc(340)] could not read dos header from C:\Windows\SYSTEM32\WINSPOOL.DRV
[0829/214401.523:ERROR:process_memory_win.cc(73)] ReadMemory at 0x7ffe81490000 of 64 bytes failed: Only part of a ReadProcessMemory or WriteProcessMemory request was completed. (0x12B)
[0829/214401.523:WARNING:pe_image_reader.cc(340)] could not read dos header from C:\Windows\System32\kernel.appcore.dll
[0829/214401.523:ERROR:process_memory_win.cc(73)] ReadMemory at 0x7ffe82180000 of 64 bytes failed: Only part of a ReadProcessMemory or WriteProcessMemory request was completed. (0x12B)
[0829/214401.523:WARNING:pe_image_reader.cc(340)] could not read dos header from C:\Windows\System32\bcrypt.dll
[0829/214401.523:ERROR:process_memory_win.cc(73)] ReadMemory at 0x7ffe70410000 of 64 bytes failed: Only part of a ReadProcessMemory or WriteProcessMemory request was completed. (0x12B)
[0829/214401.523:WARNING:pe_image_reader.cc(340)] could not read dos header from C:\Windows\SYSTEM32\dbghelp.dll
[0829/214401.523:ERROR:process_memory_win.cc(73)] ReadMemory at 0x7ffe7c160000 of 64 bytes failed: Only part of a ReadProcessMemory or WriteProcessMemory request was completed. (0x12B)
[0829/214401.523:WARNING:pe_image_reader.cc(340)] could not read dos header from C:\Windows\SYSTEM32\WINHTTP.dll
[0829/214401.523:ERROR:process_memory_win.cc(73)] ReadMemory at 0x7ffe79370000 of 64 bytes failed: Only part of a ReadProcessMemory or WriteProcessMemory request was completed. (0x12B)
[0829/214401.524:WARNING:pe_image_reader.cc(340)] could not read dos header from C:\Windows\SYSTEM32\dhcpcsvc.DLL
[0829/214401.524:ERROR:process_memory_win.cc(73)] ReadMemory at 0x7ffe83dc0000 of 64 bytes failed: Only part of a ReadProcessMemory or WriteProcessMemory request was completed. (0x12B)
[0829/214401.524:WARNING:pe_image_reader.cc(340)] could not read dos header from C:\Windows\System32\NSI.dll
[0829/214401.524:ERROR:process_memory_win.cc(73)] ReadMemory at 0x7ffe7f510000 of 64 bytes failed: Only part of a ReadProcessMemory or WriteProcessMemory request was completed. (0x12B)
[0829/214401.524:WARNING:pe_image_reader.cc(340)] could not read dos header from C:\Windows\SYSTEM32\WINMMBASE.dll
[0829/214401.524:ERROR:process_memory_win.cc(73)] ReadMemory at 0x7ffe825e0000 of 64 bytes failed: Only part of a ReadProcessMemory or WriteProcessMemory request was completed. (0x12B)
[0829/214401.524:WARNING:pe_image_reader.cc(340)] could not read dos header from C:\Windows\System32\cfgmgr32.dll
[0829/214401.524:ERROR:process_memory_win.cc(73)] ReadMemory at 0x7ffe7f080000 of 64 bytes failed: Only part of a ReadProcessMemory or WriteProcessMemory request was completed. (0x12B)
[0829/214401.524:WARNING:pe_image_reader.cc(340)] could not read dos header from C:\Windows\SYSTEM32\PROPSYS.dll
[0829/214401.524:ERROR:process_memory_win.cc(73)] ReadMemory at 0x7ffe838b0000 of 64 bytes failed: Only part of a ReadProcessMemory or WriteProcessMemory request was completed. (0x12B)
[0829/214401.524:WARNING:pe_image_reader.cc(340)] could not read dos header from C:\Windows\System32\shcore.dll
[0829/214401.524:ERROR:process_memory_win.cc(73)] ReadMemory at 0x7ffe81320000 of 64 bytes failed: Only part of a ReadProcessMemory or WriteProcessMemory request was completed. (0x12B)
[0829/214401.524:WARNING:pe_image_reader.cc(340)] could not read dos header from C:\Windows\SYSTEM32\SSPICLI.DLL
[0829/214401.524:ERROR:process_memory_win.cc(73)] ReadMemory at 0x7ffe80e00000 of 64 bytes failed: Only part of a ReadProcessMemory or WriteProcessMemory request was completed. (0x12B)
[0829/214401.524:WARNING:pe_image_reader.cc(340)] could not read dos header from C:\Windows\SYSTEM32\CRYPTBASE.DLL
[0829/214401.627:ERROR:process_memory_win.cc(73)] ReadMemory at 0x5ef1f3000 of 53248 bytes failed: Only part of a ReadProcessMemory or WriteProcessMemory request was completed. (0x12B)
[0829/214401.627:ERROR:process_memory_win.cc(73)] ReadMemory at 0x5ef9fd000 of 12288 bytes failed: Only part of a ReadProcessMemory or WriteProcessMemory request was completed. (0x12B)
[0829/214401.628:ERROR:process_memory_win.cc(73)] ReadMemory at 0x5f09fd000 of 12288 bytes failed: Only part of a ReadProcessMemory or WriteProcessMemory request was completed. (0x12B)
[0829/214401.628:ERROR:process_memory_win.cc(73)] ReadMemory at 0x5f11fc000 of 16384 bytes failed: Only part of a ReadProcessMemory or WriteProcessMemory request was completed. (0x12B)
[0829/214401.628:ERROR:process_memory_win.cc(73)] ReadMemory at 0x5f19ff000 of 4096 bytes failed: Only part of a ReadProcessMemory or WriteProcessMemory request was completed. (0x12B)
[0829/214401.628:ERROR:process_memory_win.cc(73)] ReadMemory at 0x5f21fd000 of 12288 bytes failed: Only part of a ReadProcessMemory or WriteProcessMemory request was completed. (0x12B)
[0829/214401.628:ERROR:process_memory_win.cc(73)] ReadMemory at 0x5f29fb000 of 20480 bytes failed: Only part of a ReadProcessMemory or WriteProcessMemory request was completed. (0x12B)
[0829/214401.628:ERROR:process_memory_win.cc(73)] ReadMemory at 0x5f31fd000 of 12288 bytes failed: Only part of a ReadProcessMemory or WriteProcessMemory request was completed. (0x12B)
[0829/214401.628:ERROR:process_memory_win.cc(73)] ReadMemory at 0x5f39f9000 of 28672 bytes failed: Only part of a ReadProcessMemory or WriteProcessMemory request was completed. (0x12B)
[0829/214401.628:ERROR:process_memory_win.cc(73)] ReadMemory at 0x5f41f9000 of 28672 bytes failed: Only part of a ReadProcessMemory or WriteProcessMemory request was completed. (0x12B)
[0829/214401.629:ERROR:process_memory_win.cc(73)] ReadMemory at 0x5f49fc000 of 16384 bytes failed: Only part of a ReadProcessMemory or WriteProcessMemory request was completed. (0x12B)
[0829/214401.629:ERROR:process_memory_win.cc(73)] ReadMemory at 0x5f61fd000 of 12288 bytes failed: Only part of a ReadProcessMemory or WriteProcessMemory request was completed. (0x12B)
[0829/214401.629:ERROR:process_memory_win.cc(73)] ReadMemory at 0x5f01fd000 of 12288 bytes failed: Only part of a ReadProcessMemory or WriteProcessMemory request was completed. (0x12B)
[0829/214401.629:ERROR:process_memory_win.cc(73)] ReadMemory at 0x5f51fd000 of 12288 bytes failed: Only part of a ReadProcessMemory or WriteProcessMemory request was completed. (0x12B)
[0829/214401.629:ERROR:process_memory_win.cc(73)] ReadMemory at 0x5f59ff000 of 4096 bytes failed: Only part of a ReadProcessMemory or WriteProcessMemory request was completed. (0x12B)
[0829/214402.064:ERROR:process_memory_win.cc(73)] ReadMemory at 0x5ee8b3000 of 852 bytes failed: Only part of a ReadProcessMemory or WriteProcessMemory request was completed. (0x12B)
[0829/214402.064:ERROR:process_memory_win.cc(73)] ReadMemory at 0x5ee8b4000 of 6024 bytes failed: Only part of a ReadProcessMemory or WriteProcessMemory request was completed. (0x12B)
[0829/214402.064:ERROR:process_memory_win.cc(73)] ReadMemory at 0x5ee8b6000 of 6024 bytes failed: Only part of a ReadProcessMemory or WriteProcessMemory request was completed. (0x12B)
[0829/214402.064:ERROR:process_memory_win.cc(73)] ReadMemory at 0x5ee8ba000 of 6024 bytes failed: Only part of a ReadProcessMemory or WriteProcessMemory request was completed. (0x12B)
[0829/214402.064:ERROR:process_memory_win.cc(73)] ReadMemory at 0x5ee8bc000 of 6024 bytes failed: Only part of a ReadProcessMemory or WriteProcessMemory request was completed. (0x12B)
[0829/214402.065:ERROR:process_memory_win.cc(73)] ReadMemory at 0x5ee8be000 of 6024 bytes failed: Only part of a ReadProcessMemory or WriteProcessMemory request was completed. (0x12B)
[0829/214402.065:ERROR:process_memory_win.cc(73)] ReadMemory at 0x5ee8c0000 of 6024 bytes failed: Only part of a ReadProcessMemory or WriteProcessMemory request was completed. (0x12B)
[0829/214402.065:ERROR:process_memory_win.cc(73)] ReadMemory at 0x5ee8c2000 of 6024 bytes failed: Only part of a ReadProcessMemory or WriteProcessMemory request was completed. (0x12B)
[0829/214402.065:ERROR:process_memory_win.cc(73)] ReadMemory at 0x5ee8c4000 of 6024 bytes failed: Only part of a ReadProcessMemory or WriteProcessMemory request was completed. (0x12B)
[0829/214402.065:ERROR:process_memory_win.cc(73)] ReadMemory at 0x5ee8c6000 of 6024 bytes failed: Only part of a ReadProcessMemory or WriteProcessMemory request was completed. (0x12B)
[0829/214402.065:ERROR:process_memory_win.cc(73)] ReadMemory at 0x5ee8c8000 of 6024 bytes failed: Only part of a ReadProcessMemory or WriteProcessMemory request was completed. (0x12B)
[0829/214402.694:ERROR:process_memory_win.cc(73)] ReadMemory at 0x5ee8ca000 of 6024 bytes failed: Only part of a ReadProcessMemory or WriteProcessMemory request was completed. (0x12B)
[0829/214402.694:ERROR:process_memory_win.cc(73)] ReadMemory at 0x5ee8d4000 of 6024 bytes failed: Only part of a ReadProcessMemory or WriteProcessMemory request was completed. (0x12B)
[0829/214403.143:ERROR:process_memory_win.cc(73)] ReadMemory at 0x5ee914000 of 6024 bytes failed: Only part of a ReadProcessMemory or WriteProcessMemory request was completed. (0x12B)
[0829/214403.143:ERROR:process_memory_win.cc(73)] ReadMemory at 0x5ee916000 of 6024 bytes failed: Only part of a ReadProcessMemory or WriteProcessMemory request was completed. (0x12B)
[0829/214403.143:ERROR:process_memory_win.cc(73)] ReadMemory at 0x5ee918000 of 6024 bytes failed: Only part of a ReadProcessMemory or WriteProcessMemory request was completed. (0x12B)
[0829/214403.436:ERROR:process_memory_win.cc(73)] ReadMemory at 0x1994ce922c0 of 512 bytes failed: Only part of a ReadProcessMemory or WriteProcessMemory request was completed. (0x12B)
[0829/214403.705:ERROR:process_memory_win.cc(73)] ReadMemory at 0x1994ce95a40 of 512 bytes failed: Only part of a ReadProcessMemory or WriteProcessMemory request was completed. (0x12B)
[0829/214403.813:ERROR:process_memory_win.cc(73)] ReadMemory at 0x1994ceb0fe0 of 18090 bytes failed: Only part of a ReadProcessMemory or WriteProcessMemory request was completed. (0x12B)
[0829/214404.015:ERROR:process_memory_win.cc(73)] ReadMemory at 0x1994ceb56a0 of 1012 bytes failed: Only part of a ReadProcessMemory or WriteProcessMemory request was completed. (0x12B)
[0829/214404.015:ERROR:process_memory_win.cc(73)] ReadMemory at 0x1994ceb5ce8 of 118 bytes failed: Only part of a ReadProcessMemory or WriteProcessMemory request was completed. (0x12B)
[0829/214404.015:ERROR:process_memory_win.cc(73)] ReadMemory at 0x1994ceb5d60 of 850 bytes failed: Only part of a ReadProcessMemory or WriteProcessMemory request was completed. (0x12B)
[0829/214404.015:ERROR:process_memory_win.cc(73)] ReadMemory at 0x1994ceb60b4 of 118 bytes failed: Only part of a ReadProcessMemory or WriteProcessMemory request was completed. (0x12B)
[0829/214404.015:ERROR:process_memory_win.cc(73)] ReadMemory at 0x1994ceb612c of 102 bytes failed: Only part of a ReadProcessMemory or WriteProcessMemory request was completed. (0x12B)
[0829/214404.016:ERROR:process_memory_win.cc(73)] ReadMemory at 0x1994ceb61a0 of 58 bytes failed: Only part of a ReadProcessMemory or WriteProcessMemory request was completed. (0x12B)
[0829/214404.147:ERROR:process_memory_win.cc(73)] ReadMemory at 0x1994ceb62a0 of 132 bytes failed: Only part of a ReadProcessMemory or WriteProcessMemory request was completed. (0x12B)
[0829/214404.284:ERROR:process_memory_win.cc(73)] ReadMemory at 0x1994ceb6430 of 132 bytes failed: Only part of a ReadProcessMemory or WriteProcessMemory request was completed. (0x12B)
[0829/214404.284:ERROR:process_memory_win.cc(73)] ReadMemory at 0x1994ceb65f0 of 126 bytes failed: Only part of a ReadProcessMemory or WriteProcessMemory request was completed. (0x12B)
[0829/214404.284:ERROR:process_memory_win.cc(73)] ReadMemory at 0x1994ceb69d0 of 132 bytes failed: Only part of a ReadProcessMemory or WriteProcessMemory request was completed. (0x12B)
[0829/214404.284:ERROR:process_memory_win.cc(73)] ReadMemory at 0x1994ceb6b60 of 64 bytes failed: Only part of a ReadProcessMemory or WriteProcessMemory request was completed. (0x12B)
[0829/214404.284:ERROR:process_memory_win.cc(73)] ReadMemory at 0x1994ceb6d20 of 132 bytes failed: Only part of a ReadProcessMemory or WriteProcessMemory request was completed. (0x12B)
[0829/214404.285:ERROR:process_memory_win.cc(73)] ReadMemory at 0x1994ceb6fd0 of 132 bytes failed: Only part of a ReadProcessMemory or WriteProcessMemory request was completed. (0x12B)
[0829/214404.285:ERROR:process_memory_win.cc(73)] ReadMemory at 0x1994ceb7160 of 68 bytes failed: Only part of a ReadProcessMemory or WriteProcessMemory request was completed. (0x12B)
[0829/214404.285:ERROR:process_memory_win.cc(73)] ReadMemory at 0x1994ceb8260 of 132 bytes failed: Only part of a ReadProcessMemory or WriteProcessMemory request was completed. (0x12B)
[0829/214404.463:ERROR:process_memory_win.cc(73)] ReadMemory at 0x1994ceb83f0 of 154 bytes failed: Only part of a ReadProcessMemory or WriteProcessMemory request was completed. (0x12B)
[0829/214404.463:ERROR:process_memory_win.cc(73)] ReadMemory at 0x1994ceba890 of 62 bytes failed: Only part of a ReadProcessMemory or WriteProcessMemory request was completed. (0x12B)
[0829/214405.176:ERROR:process_memory_win.cc(73)] ReadMemory at 0x1994ceba9f0 of 132 bytes failed: Only part of a ReadProcessMemory or WriteProcessMemory request was completed. (0x12B)
[0829/214405.176:ERROR:process_memory_win.cc(73)] ReadMemory at 0x1994cebab80 of 60 bytes failed: Only part of a ReadProcessMemory or WriteProcessMemory request was completed. (0x12B)
[0829/214405.176:ERROR:process_memory_win.cc(73)] ReadMemory at 0x1994cec9ee0 of 54 bytes failed: Only part of a ReadProcessMemory or WriteProcessMemory request was completed. (0x12B)
[0829/214405.362:ERROR:process_memory_win.cc(73)] ReadMemory at 0x1994ceca400 of 80 bytes failed: Only part of a ReadProcessMemory or WriteProcessMemory request was completed. (0x12B)
[0829/214405.362:ERROR:process_memory_win.cc(73)] ReadMemory at 0x1994cecd430 of 146 bytes failed: Only part of a ReadProcessMemory or WriteProcessMemory request was completed. (0x12B)
[0829/214406.526:ERROR:process_memory_win.cc(73)] ReadMemory at 0x1994cecd5f0 of 132 bytes failed: Only part of a ReadProcessMemory or WriteProcessMemory request was completed. (0x12B)
[0829/214406.526:ERROR:process_memory_win.cc(73)] ReadMemory at 0x1994cecd7d0 of 132 bytes failed: Only part of a ReadProcessMemory or WriteProcessMemory request was completed. (0x12B)
[0829/214406.527:ERROR:process_memory_win.cc(73)] ReadMemory at 0x1994cecdcb0 of 132 bytes failed: Only part of a ReadProcessMemory or WriteProcessMemory request was completed. (0x12B)
[0829/214406.527:ERROR:process_memory_win.cc(73)] ReadMemory at 0x1994cecdde0 of 132 bytes failed: Only part of a ReadProcessMemory or WriteProcessMemory request was completed. (0x12B)
[0829/214406.527:ERROR:process_memory_win.cc(73)] ReadMemory at 0x1994cecf440 of 132 bytes failed: Only part of a ReadProcessMemory or WriteProcessMemory request was completed. (0x12B)
[0829/214406.527:ERROR:process_memory_win.cc(73)] ReadMemory at 0x1994ced0fd0 of 132 bytes failed: Only part of a ReadProcessMemory or WriteProcessMemory request was completed. (0x12B)
[0829/214406.527:ERROR:process_memory_win.cc(73)] ReadMemory at 0x1994ced1f20 of 60 bytes failed: Only part of a ReadProcessMemory or WriteProcessMemory request was completed. (0x12B)
[0829/214406.527:ERROR:process_memory_win.cc(73)] ReadMemory at 0x1994ced1fc0 of 66 bytes failed: Only part of a ReadProcessMemory or WriteProcessMemory request was completed. (0x12B)
[0829/214406.529:ERROR:process_memory_win.cc(73)] ReadMemory at 0x1994ced2010 of 64 bytes failed: Only part of a ReadProcessMemory or WriteProcessMemory request was completed. (0x12B)
[0829/214406.529:ERROR:process_memory_win.cc(73)] ReadMemory at 0x1994ced20b0 of 64 bytes failed: Only part of a ReadProcessMemory or WriteProcessMemory request was completed. (0x12B)
[0829/214406.529:ERROR:process_memory_win.cc(73)] ReadMemory at 0x1994ced21a0 of 62 bytes failed: Only part of a ReadProcessMemory or WriteProcessMemory request was completed. (0x12B)
[0829/214406.529:ERROR:process_memory_win.cc(73)] ReadMemory at 0x1994ced2240 of 64 bytes failed: Only part of a ReadProcessMemory or WriteProcessMemory request was completed. (0x12B)
[0829/214406.529:ERROR:process_memory_win.cc(73)] ReadMemory at 0x1994ced2470 of 60 bytes failed: Only part of a ReadProcessMemory or WriteProcessMemory request was completed. (0x12B)
[0829/214406.529:ERROR:process_memory_win.cc(73)] ReadMemory at 0x1994ced24c0 of 62 bytes failed: Only part of a ReadProcessMemory or WriteProcessMemory request was completed. (0x12B)
[0829/214406.529:ERROR:process_memory_win.cc(73)] ReadMemory at 0x1994ced2510 of 64 bytes failed: Only part of a ReadProcessMemory or WriteProcessMemory request was completed. (0x12B)
[0829/214406.529:ERROR:process_memory_win.cc(73)] ReadMemory at 0x1994ced26a0 of 64 bytes failed: Only part of a ReadProcessMemory or WriteProcessMemory request was completed. (0x12B)
[0829/214406.530:ERROR:process_memory_win.cc(73)] ReadMemory at 0x1994ced27e0 of 60 bytes failed: Only part of a ReadProcessMemory or WriteProcessMemory request was completed. (0x12B)
[0829/214406.530:ERROR:process_memory_win.cc(73)] ReadMemory at 0x1994ced2ba0 of 62 bytes failed: Only part of a ReadProcessMemory or WriteProcessMemory request was completed. (0x12B)
[0829/214406.530:ERROR:process_memory_win.cc(73)] ReadMemory at 0x1994ced3fb0 of 132 bytes failed: Only part of a ReadProcessMemory or WriteProcessMemory request was completed. (0x12B)
[0829/214406.530:ERROR:process_memory_win.cc(73)] ReadMemory at 0x1994ced41c0 of 132 bytes failed: Only part of a ReadProcessMemory or WriteProcessMemory request was completed. (0x12B)
[0829/214406.530:ERROR:process_memory_win.cc(73)] ReadMemory at 0x1994ced4550 of 132 bytes failed: Only part of a ReadProcessMemory or WriteProcessMemory request was completed. (0x12B)
[0829/214406.530:ERROR:process_memory_win.cc(73)] ReadMemory at 0x1994ced4680 of 132 bytes failed: Only part of a ReadProcessMemory or WriteProcessMemory request was completed. (0x12B)
[0829/214406.530:ERROR:process_memory_win.cc(73)] ReadMemory at 0x1994ced47b0 of 132 bytes failed: Only part of a ReadProcessMemory or WriteProcessMemory request was completed. (0x12B)
[0829/214406.530:ERROR:process_memory_win.cc(73)] ReadMemory at 0x1994ced48e0 of 132 bytes failed: Only part of a ReadProcessMemory or WriteProcessMemory request was completed. (0x12B)
[0829/214406.530:ERROR:process_memory_win.cc(73)] ReadMemory at 0x1994ced4a10 of 132 bytes failed: Only part of a ReadProcessMemory or WriteProcessMemory request was completed. (0x12B)
[0829/214406.531:ERROR:process_memory_win.cc(73)] ReadMemory at 0x1994ced4b40 of 132 bytes failed: Only part of a ReadProcessMemory or WriteProcessMemory request was completed. (0x12B)
[0829/214406.531:ERROR:process_memory_win.cc(73)] ReadMemory at 0x1994ced4c70 of 132 bytes failed: Only part of a ReadProcessMemory or WriteProcessMemory request was completed. (0x12B)
[0829/214406.531:ERROR:process_memory_win.cc(73)] ReadMemory at 0x1994ced4da0 of 132 bytes failed: Only part of a ReadProcessMemory or WriteProcessMemory request was completed. (0x12B)
[0829/214406.531:ERROR:process_memory_win.cc(73)] ReadMemory at 0x1994ced4ed0 of 132 bytes failed: Only part of a ReadProcessMemory or WriteProcessMemory request was completed. (0x12B)
[0829/214406.531:ERROR:process_memory_win.cc(73)] ReadMemory at 0x1994ced5000 of 132 bytes failed: Only part of a ReadProcessMemory or WriteProcessMemory request was completed. (0x12B)
[0829/214406.531:ERROR:process_memory_win.cc(73)] ReadMemory at 0x1994ced5130 of 132 bytes failed: Only part of a ReadProcessMemory or WriteProcessMemory request was completed. (0x12B)
[0829/214406.531:ERROR:process_memory_win.cc(73)] ReadMemory at 0x1994ced5260 of 132 bytes failed: Only part of a ReadProcessMemory or WriteProcessMemory request was completed. (0x12B)
[0829/214406.531:ERROR:process_memory_win.cc(73)] ReadMemory at 0x1994ced7110 of 132 bytes failed: Only part of a ReadProcessMemory or WriteProcessMemory request was completed. (0x12B)
[0829/214406.531:ERROR:process_memory_win.cc(73)] ReadMemory at 0x1994ced7330 of 132 bytes failed: Only part of a ReadProcessMemory or WriteProcessMemory request was completed. (0x12B)
[0829/214406.531:ERROR:process_memory_win.cc(73)] ReadMemory at 0x1994ced9fb0 of 76 bytes failed: Only part of a ReadProcessMemory or WriteProcessMemory request was completed. (0x12B)
[0829/214406.532:ERROR:process_memory_win.cc(73)] ReadMemory at 0x1994ceda2b0 of 80 bytes failed: Only part of a ReadProcessMemory or WriteProcessMemory request was completed. (0x12B)
[0829/214406.532:ERROR:process_memory_win.cc(73)] ReadMemory at 0x1994cedefb0 of 132 bytes failed: Only part of a ReadProcessMemory or WriteProcessMemory request was completed. (0x12B)
[0829/214406.532:ERROR:process_memory_win.cc(73)] ReadMemory at 0x1994cedf0e0 of 132 bytes failed: Only part of a ReadProcessMemory or WriteProcessMemory request was completed. (0x12B)
[0829/214406.532:ERROR:process_memory_win.cc(73)] ReadMemory at 0x1994cedf470 of 132 bytes failed: Only part of a ReadProcessMemory or WriteProcessMemory request was completed. (0x12B)
[0829/214406.532:ERROR:process_memory_win.cc(73)] ReadMemory at 0x1994cedf6d0 of 132 bytes failed: Only part of a ReadProcessMemory or WriteProcessMemory request was completed. (0x12B)
[0829/214406.532:ERROR:process_memory_win.cc(73)] ReadMemory at 0x1994cedf930 of 132 bytes failed: Only part of a ReadProcessMemory or WriteProcessMemory request was completed. (0x12B)
[0829/214406.532:ERROR:process_memory_win.cc(73)] ReadMemory at 0x1994cedfb90 of 132 bytes failed: Only part of a ReadProcessMemory or WriteProcessMemory request was completed. (0x12B)
[0829/214406.532:ERROR:process_memory_win.cc(73)] ReadMemory at 0x1994cedfcc0 of 132 bytes failed: Only part of a ReadProcessMemory or WriteProcessMemory request was completed. (0x12B)
[0829/214406.532:ERROR:process_memory_win.cc(73)] ReadMemory at 0x1994cee02b0 of 132 bytes failed: Only part of a ReadProcessMemory or WriteProcessMemory request was completed. (0x12B)
[0829/214406.532:ERROR:process_memory_win.cc(73)] ReadMemory at 0x1994cee08a0 of 132 bytes failed: Only part of a ReadProcessMemory or WriteProcessMemory request was completed. (0x12B)
[0829/214406.533:ERROR:process_memory_win.cc(73)] ReadMemory at 0x1994cee09d0 of 132 bytes failed: Only part of a ReadProcessMemory or WriteProcessMemory request was completed. (0x12B)
[0829/214406.533:ERROR:process_memory_win.cc(73)] ReadMemory at 0x1994cee1240 of 58 bytes failed: Only part of a ReadProcessMemory or WriteProcessMemory request was completed. (0x12B)
[0829/214406.533:ERROR:process_memory_win.cc(73)] ReadMemory at 0x1994cee14c0 of 62 bytes failed: Only part of a ReadProcessMemory or WriteProcessMemory request was completed. (0x12B)
[0829/214406.533:ERROR:process_memory_win.cc(73)] ReadMemory at 0x1994cee1510 of 62 bytes failed: Only part of a ReadProcessMemory or WriteProcessMemory request was completed. (0x12B)
[0829/214406.533:ERROR:process_memory_win.cc(73)] ReadMemory at 0x1994cee1560 of 60 bytes failed: Only part of a ReadProcessMemory or WriteProcessMemory request was completed. (0x12B)
[0829/214406.533:ERROR:process_memory_win.cc(73)] ReadMemory at 0x1994cee15b0 of 62 bytes failed: Only part of a ReadProcessMemory or WriteProcessMemory request was completed. (0x12B)
[0829/214406.533:ERROR:process_memory_win.cc(73)] ReadMemory at 0x1994cee1650 of 64 bytes failed: Only part of a ReadProcessMemory or WriteProcessMemory request was completed. (0x12B)
[0829/214406.533:ERROR:process_memory_win.cc(73)] ReadMemory at 0x1994cee16a0 of 64 bytes failed: Only part of a ReadProcessMemory or WriteProcessMemory request was completed. (0x12B)
[0829/214406.533:ERROR:process_memory_win.cc(73)] ReadMemory at 0x1994cee18d0 of 62 bytes failed: Only part of a ReadProcessMemory or WriteProcessMemory request was completed. (0x12B)
[0829/214406.533:ERROR:process_memory_win.cc(73)] ReadMemory at 0x1994cee1970 of 60 bytes failed: Only part of a ReadProcessMemory or WriteProcessMemory request was completed. (0x12B)
[0829/214406.534:ERROR:process_memory_win.cc(73)] ReadMemory at 0x1994cee19c0 of 62 bytes failed: Only part of a ReadProcessMemory or WriteProcessMemory request was completed. (0x12B)
[0829/214406.534:ERROR:process_memory_win.cc(73)] ReadMemory at 0x1994cee1c40 of 60 bytes failed: Only part of a ReadProcessMemory or WriteProcessMemory request was completed. (0x12B)
[0829/214406.534:ERROR:process_memory_win.cc(73)] ReadMemory at 0x1994cee1ce0 of 62 bytes failed: Only part of a ReadProcessMemory or WriteProcessMemory request was completed. (0x12B)
[0829/214406.534:ERROR:process_memory_win.cc(73)] ReadMemory at 0x1994cee1d30 of 62 bytes failed: Only part of a ReadProcessMemory or WriteProcessMemory request was completed. (0x12B)
[0829/214406.534:ERROR:process_memory_win.cc(73)] ReadMemory at 0x1994cee1dd0 of 66 bytes failed: Only part of a ReadProcessMemory or WriteProcessMemory request was completed. (0x12B)
[0829/214406.534:ERROR:process_memory_win.cc(73)] ReadMemory at 0x1994cee1ec0 of 64 bytes failed: Only part of a ReadProcessMemory or WriteProcessMemory request was completed. (0x12B)
[0829/214406.534:ERROR:process_memory_win.cc(73)] ReadMemory at 0x1994cef4b10 of 512 bytes failed: Only part of a ReadProcessMemory or WriteProcessMemory request was completed. (0x12B)
[0829/214406.534:ERROR:process_memory_win.cc(73)] ReadMemory at 0x1994cf43a90 of 512 bytes failed: Only part of a ReadProcessMemory or WriteProcessMemory request was completed. (0x12B)
[0829/214406.535:ERROR:process_memory_win.cc(73)] ReadMemory at 0x1994cf57580 of 512 bytes failed: Only part of a ReadProcessMemory or WriteProcessMemory request was completed. (0x12B)
[0829/214406.535:ERROR:process_memory_win.cc(73)] ReadMemory at 0x1994cf5e170 of 512 bytes failed: Only part of a ReadProcessMemory or WriteProcessMemory request was completed. (0x12B)
[0829/214406.535:ERROR:process_memory_win.cc(73)] ReadMemory at 0x1994cf6a4d0 of 712 bytes failed: Only part of a ReadProcessMemory or WriteProcessMemory request was completed. (0x12B)
[0829/214406.535:ERROR:process_memory_win.cc(73)] ReadMemory at 0x1994cf83000 of 512 bytes failed: Only part of a ReadProcessMemory or WriteProcessMemory request was completed. (0x12B)
[0829/214406.535:ERROR:process_memory_win.cc(73)] ReadMemory at 0x1994e976de0 of 512 bytes failed: Only part of a ReadProcessMemory or WriteProcessMemory request was completed. (0x12B)
[0829/214406.535:ERROR:process_memory_win.cc(73)] ReadMemory at 0x1994e990000 of 384 bytes failed: Only part of a ReadProcessMemory or WriteProcessMemory request was completed. (0x12B)
[0829/214406.535:ERROR:process_memory_win.cc(73)] ReadMemory at 0x19950bc8140 of 512 bytes failed: Only part of a ReadProcessMemory or WriteProcessMemory request was completed. (0x12B)
[0829/214406.535:ERROR:process_memory_win.cc(73)] ReadMemory at 0x19950bf4270 of 512 bytes failed: Only part of a ReadProcessMemory or WriteProcessMemory request was completed. (0x12B)
[0829/214406.615:ERROR:process_memory_win.cc(73)] ReadMemory at 0x19950bf53ef of 512 bytes failed: Only part of a ReadProcessMemory or WriteProcessMemory request was completed. (0x12B)
[0829/214406.615:ERROR:process_memory_win.cc(73)] ReadMemory at 0x19950c44ff0 of 512 bytes failed: Only part of a ReadProcessMemory or WriteProcessMemory request was completed. (0x12B)
[0829/214406.615:ERROR:process_memory_win.cc(73)] ReadMemory at 0x19950d09910 of 512 bytes failed: Only part of a ReadProcessMemory or WriteProcessMemory request was completed. (0x12B)
[0829/214406.615:ERROR:process_memory_win.cc(73)] ReadMemory at 0x1995129dfcf of 512 bytes failed: Only part of a ReadProcessMemory or WriteProcessMemory request was completed. (0x12B)
[0829/214406.615:ERROR:process_memory_win.cc(73)] ReadMemory at 0x1995142fc10 of 512 bytes failed: Only part of a ReadProcessMemory or WriteProcessMemory request was completed. (0x12B)
[0829/214406.615:ERROR:process_memory_win.cc(73)] ReadMemory at 0x270dfc4dff80 of 512 bytes failed: Only part of a ReadProcessMemory or WriteProcessMemory request was completed. (0x12B)
[0829/214406.688:ERROR:process_memory_win.cc(73)] ReadMemory at 0x270dfc71d230 of 616 bytes failed: Only part of a ReadProcessMemory or WriteProcessMemory request was completed. (0x12B)
[0829/214406.688:ERROR:process_memory_win.cc(73)] ReadMemory at 0x465afbe8293c of 512 bytes failed: Only part of a ReadProcessMemory or WriteProcessMemory request was completed. (0x12B)
[0829/214406.688:ERROR:process_memory_win.cc(73)] ReadMemory at 0x7ffe3d588e50 of 512 bytes failed: Only part of a ReadProcessMemory or WriteProcessMemory request was completed. (0x12B)
[0829/214406.688:ERROR:process_memory_win.cc(73)] ReadMemory at 0x7ffe4423c658 of 512 bytes failed: Only part of a ReadProcessMemory or WriteProcessMemory request was completed. (0x12B)
[0829/214406.688:ERROR:process_memory_win.cc(73)] ReadMemory at 0x7ffe5c9b79b3 of 512 bytes failed: Only part of a ReadProcessMemory or WriteProcessMemory request was completed. (0x12B)
[0829/214406.689:ERROR:process_memory_win.cc(73)] ReadMemory at 0x7ffe5c9b81a0 of 512 bytes failed: Only part of a ReadProcessMemory or WriteProcessMemory request was completed. (0x12B)
[0829/214406.689:ERROR:process_memory_win.cc(73)] ReadMemory at 0x7ffe8461c074 of 672 bytes failed: Only part of a ReadProcessMemory or WriteProcessMemory request was completed. (0x12B)
[0829/214406.689:ERROR:process_memory_win.cc(73)] ReadMemory at 0x7ffe8461f924 of 608 bytes failed: Only part of a ReadProcessMemory or WriteProcessMemory request was completed. (0x12B)
[0829/214406.689:ERROR:process_memory_win.cc(73)] ReadMemory at 0x7ffe846ac428 of 18 bytes failed: Only part of a ReadProcessMemory or WriteProcessMemory request was completed. (0x12B)
[0829/214406.689:ERROR:process_memory_win.cc(73)] ReadMemory at 0x7ffe846df4f8 of 40 bytes failed: Only part of a ReadProcessMemory or WriteProcessMemory request was completed. (0x12B)
[0829/214406.689:ERROR:process_memory_win.cc(73)] ReadMemory at 0x7ffe846df978 of 48 bytes failed: Only part of a ReadProcessMemory or WriteProcessMemory request was completed. (0x12B)
[0829/214406.902:ERROR:process_memory_win.cc(73)] ReadMemory at 0x7ffe846e53c0 of 64 bytes failed: Only part of a ReadProcessMemory or WriteProcessMemory request was completed. (0x12B)
[0829/214406.904:ERROR:scoped_process_suspend.cc(40)] NtResumeProcess: An attempt was made to access an exiting process. (0xc000010a)
